0 info it worked if it ends with ok
1 verbose cli [ '/usr/local/bin/node', '/usr/local/bin/npm', 'publish' ]
2 info using npm@1.4.28
3 info using node@v0.10.32
4 verbose publish [ '.' ]
5 verbose cache add [ '.', null ]
6 verbose cache add name=undefined spec="." args=[".",null]
7 verbose parsed url { protocol: null,
7 verbose parsed url   slashes: null,
7 verbose parsed url   auth: null,
7 verbose parsed url   host: null,
7 verbose parsed url   port: null,
7 verbose parsed url   hostname: null,
7 verbose parsed url   hash: null,
7 verbose parsed url   search: null,
7 verbose parsed url   query: null,
7 verbose parsed url   pathname: '.',
7 verbose parsed url   path: '.',
7 verbose parsed url   href: '.' }
8 silly lockFile 3a52ce78- .
9 verbose lock . /Users/joshblack/.npm/3a52ce78-.lock
10 verbose tar pack [ '/Users/joshblack/.npm/react-styles-loader/0.0.1/package.tgz',
10 verbose tar pack   '.' ]
11 verbose tarball /Users/joshblack/.npm/react-styles-loader/0.0.1/package.tgz
12 verbose folder .
13 info prepublish react-styles-loader@0.0.1
14 silly lockFile 1f1177db-tar tar://.
15 verbose lock tar://. /Users/joshblack/.npm/1f1177db-tar.lock
16 silly lockFile 151b3beb--styles-loader-0-0-1-package-tgz tar:///Users/joshblack/.npm/react-styles-loader/0.0.1/package.tgz
17 verbose lock tar:///Users/joshblack/.npm/react-styles-loader/0.0.1/package.tgz /Users/joshblack/.npm/151b3beb--styles-loader-0-0-1-package-tgz.lock
18 silly lockFile 1f1177db-tar tar://.
19 silly lockFile 1f1177db-tar tar://.
20 silly lockFile 151b3beb--styles-loader-0-0-1-package-tgz tar:///Users/joshblack/.npm/react-styles-loader/0.0.1/package.tgz
21 silly lockFile 151b3beb--styles-loader-0-0-1-package-tgz tar:///Users/joshblack/.npm/react-styles-loader/0.0.1/package.tgz
22 silly lockFile 79d46974-eact-styles-loader-0-0-1-package /Users/joshblack/.npm/react-styles-loader/0.0.1/package
23 verbose lock /Users/joshblack/.npm/react-styles-loader/0.0.1/package /Users/joshblack/.npm/79d46974-eact-styles-loader-0-0-1-package.lock
24 silly lockFile 79d46974-eact-styles-loader-0-0-1-package /Users/joshblack/.npm/react-styles-loader/0.0.1/package
25 silly lockFile 79d46974-eact-styles-loader-0-0-1-package /Users/joshblack/.npm/react-styles-loader/0.0.1/package
26 silly lockFile 3a52ce78- .
27 silly lockFile 3a52ce78- .
28 silly publish { name: 'react-styles-loader',
28 silly publish   version: '0.0.1',
28 silly publish   description: 'Webpack loader for React Styles!',
28 silly publish   main: 'index.js',
28 silly publish   author: { name: 'Josh Black', email: 'joshuatblack@ufl.edu' },
28 silly publish   dependencies:
28 silly publish    { 'autoprefixer-core': '^5.1.7',
28 silly publish      gulp: '^3.8.11',
28 silly publish      'gulp-babel': '^4.0.0',
28 silly publish      'loader-utils': '^0.2.6',
28 silly publish      lodash: '^3.3.1' },
28 silly publish   readme: '# React Styles Loader\n\nWebpack loader for React Styles!',
28 silly publish   readmeFilename: 'README.md',
28 silly publish   gitHead: '011dcf8081d8fafb1185d71e1b8ac7512247e9bb',
28 silly publish   _id: 'react-styles-loader@0.0.1',
28 silly publish   scripts: {},
28 silly publish   _shasum: '868c1ce0f39bf970cddb3cf90cab2458b4cff8d3',
28 silly publish   _from: '.' }
29 verbose request where is /react-styles-loader
30 verbose request registry https://registry.npmjs.org/
31 verbose request id 306c9d9c474afc3a
32 verbose url raw /react-styles-loader
33 verbose url resolving [ 'https://registry.npmjs.org/', './react-styles-loader' ]
34 verbose url resolved https://registry.npmjs.org/react-styles-loader
35 verbose request where is https://registry.npmjs.org/react-styles-loader
36 info trying registry request attempt 1 at 20:04:30
37 http PUT https://registry.npmjs.org/react-styles-loader
38 http 403 https://registry.npmjs.org/react-styles-loader
39 verbose headers { date: 'Wed, 25 Feb 2015 01:04:29 GMT',
39 verbose headers   server: 'CouchDB/1.5.0 (Erlang OTP/R16B03)',
39 verbose headers   'content-type': 'application/json',
39 verbose headers   'cache-control': 'max-age=60',
39 verbose headers   'content-length': '1919',
39 verbose headers   'accept-ranges': 'bytes',
39 verbose headers   via: '1.1 varnish',
39 verbose headers   'x-served-by': 'cache-ord1722-ORD',
39 verbose headers   'x-cache': 'MISS',
39 verbose headers   'x-cache-hits': '0',
39 verbose headers   'x-timer': 'S1424826269.619751,VS0,VE240',
39 verbose headers   'keep-alive': 'timeout=10, max=50',
39 verbose headers   connection: 'Keep-Alive' }
40 error publish Failed PUT 403
41 error Error: forbidden cannot modify pre-existing version: 0.0.1
41 error old={"name":"react-styles-loader","version":"0.0.1","description":"","main":"index.js","author":{"name":"Josh Black","email":"joshuatblack@ufl.edu"},"dependencies":{"autoprefixer-core":"^5.1.7","gulp":"^3.8.11","gulp-babel":"^4.0.0","loader-utils":"^0.2.6","lodash":"^3.3.1"},"gitHead":"54c65b75ae9c11be0cab977e81cd0f953b8de211","_id":"react-styles-loader@0.0.1","scripts":{},"_shasum":"3a5128738bf5afe324fef5af1fe97fa42a4b21ad","_from":".","_npmVersion":"1.4.28","_npmUser":{"name":"joshblack","email":"joshuatblack@ufl.edu"},"maintainers":[{"name":"joshblack","email":"joshuatblack@ufl.edu"}],"dist":{"shasum":"3a5128738bf5afe324fef5af1fe97fa42a4b21ad","tarball":"http://registry.npmjs.org/react-styles-loader/-/react-styles-loader-0.0.1.tgz"}}
41 error new={"name":"react-styles-loader","version":"0.0.1","description":"Webpack loader for React Styles!","main":"index.js","author":{"name":"Josh Black","email":"joshuatblack@ufl.edu"},"dependencies":{"autoprefixer-core":"^5.1.7","gulp":"^3.8.11","gulp-babel":"^4.0.0","loader-utils":"^0.2.6","lodash":"^3.3.1"},"readme":"# React Styles Loader\u000a\u000aWebpack loader for React Styles!","readmeFilename":"README.md","gitHead":"011dcf8081d8fafb1185d71e1b8ac7512247e9bb","_id":"react-styles-loader@0.0.1","scripts":{},"_shasum":"868c1ce0f39bf970cddb3cf90cab2458b4cff8d3","_from":".","_npmVersion":"1.4.28","_npmUser":{"name":"joshblack","email":"joshuatblack@ufl.edu"},"maintainers":[{"name":"joshblack","email":"joshuatblack@ufl.edu"}],"dist":{"shasum":"868c1ce0f39bf970cddb3cf90cab2458b4cff8d3","tarball":"http://registry.npmjs.org/react-styles-loader/-/react-styles-loader-0.0.1.tgz"}}: react-styles-loader
41 error     at RegClient.<anonymous> (/usr/local/lib/node_modules/npm/node_modules/npm-registry-client/lib/request.js:308:14)
41 error     at Request._callback (/usr/local/lib/node_modules/npm/node_modules/npm-registry-client/lib/request.js:246:65)
41 error     at Request.self.callback (/usr/local/lib/node_modules/npm/node_modules/request/request.js:236:22)
41 error     at Request.emit (events.js:98:17)
41 error     at Request.<anonymous> (/usr/local/lib/node_modules/npm/node_modules/request/request.js:1142:14)
41 error     at Request.emit (events.js:117:20)
41 error     at IncomingMessage.<anonymous> (/usr/local/lib/node_modules/npm/node_modules/request/request.js:1096:12)
41 error     at IncomingMessage.emit (events.js:117:20)
41 error     at _stream_readable.js:943:16
41 error     at process._tickCallback (node.js:419:13)
42 error If you need help, you may report this *entire* log,
42 error including the npm and node versions, at:
42 error     <http://github.com/npm/npm/issues>
43 error System Darwin 14.1.0
44 error command "/usr/local/bin/node" "/usr/local/bin/npm" "publish"
45 error cwd /Users/joshblack/Desktop/react-styles-loader
46 error node -v v0.10.32
47 error npm -v 1.4.28
48 verbose exit [ 1, true ]
